0 info it worked if it ends with ok
1 verbose cli [ 'C:\\Program Files\\nodejs\\node.exe',
1 verbose cli   'C:\\Program Files\\nodejs\\node_modules\\npm\\bin\\npm-cli.js',
1 verbose cli   'run',
1 verbose cli   'dev' ]
2 info using npm@4.1.2
3 info using node@v7.5.0
4 verbose run-script [ 'predev', 'dev', 'postdev' ]
5 info lifecycle comfy-shoping@1.0.0~predev: comfy-shoping@1.0.0
6 silly lifecycle comfy-shoping@1.0.0~predev: no script for predev, continuing
7 info lifecycle comfy-shoping@1.0.0~dev: comfy-shoping@1.0.0
8 verbose lifecycle comfy-shoping@1.0.0~dev: unsafe-perm in lifecycle true
9 verbose lifecycle comfy-shoping@1.0.0~dev: PATH: C:\Program Files\nodejs\node_modules\npm\bin\node-gyp-bin;C:\temporary\htdocs\dev.poski.loc\praxe\trunk\www\comfy-shopping\node_modules\.bin;C:\ProgramData\Oracle\Java\javapath;C:\Program Files (x86)\Common Files\Intel\Shared Files\cpp\bin\Intel64;C:\WINDOWS\system32;C:\WINDOWS;C:\WINDOWS\System32\Wbem;C:\WINDOWS\System32\WindowsPowerShell\v1.0\;C:\Program Files (x86)\ATI Technologies\ATI.ACE\Core-Static;C:\Program Files\Microsoft SQL Server\110\Tools\Binn\;C:\Program Files\Microsoft SQL Server\120\Tools\Binn\;C:\Program Files\Microsoft\Web Platform Installer\;C:\Program Files (x86)\Microsoft ASP.NET\ASP.NET Web Pages\v1.0\;C:\Program Files (x86)\Skype\Phone\;C:\Program Files\TortoiseSVN\bin;C:\Program Files\Git\cmd;C:\Program Files\TortoiseGit\bin;C:\Program Files\nodejs\;C:\Program Files\Microsoft SQL Server\130\Tools\Binn\;C:\Program Files\dotnet\;C:\Users\poski1\AppData\Roaming\npm;C:\Users\poski1\AppData\Local\Microsoft\WindowsApps;C:\applications\php.ts.x64;C:\Users\poski1\AppData\Local\atom\bin;C:\Users\poski1\AppData\Local\Microsoft\WindowsApps;;C:\Program Files\Microsoft VS Code\bin
10 verbose lifecycle comfy-shoping@1.0.0~dev: CWD: C:\temporary\htdocs\dev.poski.loc\praxe\trunk\www\comfy-shopping
11 silly lifecycle comfy-shoping@1.0.0~dev: Args: [ '/d /s /c', 'npm run development' ]
12 silly lifecycle comfy-shoping@1.0.0~dev: Returned: code: 1  signal: null
13 info lifecycle comfy-shoping@1.0.0~dev: Failed to exec dev script
14 verbose stack Error: comfy-shoping@1.0.0 dev: `npm run development`
14 verbose stack Exit status 1
14 verbose stack     at EventEmitter.<anonymous> (C:\Program Files\nodejs\node_modules\npm\lib\utils\lifecycle.js:279:16)
14 verbose stack     at emitTwo (events.js:106:13)
14 verbose stack     at EventEmitter.emit (events.js:192:7)
14 verbose stack     at ChildProcess.<anonymous> (C:\Program Files\nodejs\node_modules\npm\lib\utils\spawn.js:40:14)
14 verbose stack     at emitTwo (events.js:106:13)
14 verbose stack     at ChildProcess.emit (events.js:192:7)
14 verbose stack     at maybeClose (internal/child_process.js:890:16)
14 verbose stack     at Process.ChildProcess._handle.onexit (internal/child_process.js:226:5)
15 verbose pkgid comfy-shoping@1.0.0
16 verbose cwd C:\temporary\htdocs\dev.poski.loc\praxe\trunk\www\comfy-shopping
17 error Windows_NT 10.0.16299
18 error argv "C:\\Program Files\\nodejs\\node.exe" "C:\\Program Files\\nodejs\\node_modules\\npm\\bin\\npm-cli.js" "run" "dev"
19 error node v7.5.0
20 error npm  v4.1.2
21 error code ELIFECYCLE
22 error comfy-shoping@1.0.0 dev: `npm run development`
22 error Exit status 1
23 error Failed at the comfy-shoping@1.0.0 dev script 'npm run development'.
23 error Make sure you have the latest version of node.js and npm installed.
23 error If you do, this is most likely a problem with the comfy-shoping package,
23 error not with npm itself.
23 error Tell the author that this fails on your system:
23 error     npm run development
23 error You can get information on how to open an issue for this project with:
23 error     npm bugs comfy-shoping
23 error Or if that isn't available, you can get their info via:
23 error     npm owner ls comfy-shoping
23 error There is likely additional logging output above.
24 verbose exit [ 1, true ]
